<?xml version="1.0" encoding="UTF-8"?>
<!-- Generated by org.testng.reporters.JUnitReportReporter -->
<testsuite hostname="DESKTOP-4LIQ7JK" failures="0" tests="5" name="TestPack.test1" time="124.315" errors="0" timestamp="2024-03-26T18:01:07 EDT" skipped="0">
  <testcase classname="TestPack.test1" name="printTranscriptAsPDF" time="85.426"/>
  <system-out/>
  <testcase classname="TestPack.test1" name="addingCalendarEvents" time="15.964"/>
  <system-out/>
  <testcase classname="TestPack.test1" name="downloadingClassroomGuide" time="4.231"/>
  <system-out/>
  <testcase classname="TestPack.test1" name="downloadingDataset" time="6.150"/>
  <system-out/>
  <testcase classname="TestPack.test1" name="academicCalendarAccess" time="12.544"/>
  <system-out/>
</testsuite> <!-- TestPack.test1 -->
