<?xml version="1.0" encoding="UTF-8"?>
<!-- Generated by org.testng.reporters.JUnitReportReporter -->
<testsuite hostname="DESKTOP-4LIQ7JK" failures="0" tests="5" name="TestPack.test" time="391.906" errors="0" timestamp="2024-03-26T14:05:30 EDT" skipped="0">
  <testcase classname="TestPack.test" name="printTranscriptAsPDF" time="126.764"/>
  <system-out/>
  <testcase classname="TestPack.test" name="addingCalendarEvents" time="145.213"/>
  <system-out/>
  <testcase classname="TestPack.test" name="downloadingClassroomGuide" time="47.011"/>
  <system-out/>
  <testcase classname="TestPack.test" name="downloadingDataset" time="42.398"/>
  <system-out/>
  <testcase classname="TestPack.test" name="academicCalendarAccess" time="30.520"/>
  <system-out/>
</testsuite> <!-- TestPack.test -->
